<?xml version="1.0" encoding="UTF-8"?>
<!-- Generated by org.testng.reporters.JUnitReportReporter -->
<testsuite hostname="Oke" failures="0" tests="1" name="testCases.TC_006_ForgetPasswordLinkTextIsDisplayed" time="6.211" errors="0" timestamp="2023-08-08T10:43:56 BST" skipped="0">
  <testcase classname="testCases.TC_006_ForgetPasswordLinkTextIsDisplayed" name="ForgetPasswordLinkTextIsDisplayed" time="6.211"/>
  <system-out/>
</testsuite> <!-- testCases.TC_006_ForgetPasswordLinkTextIsDisplayed -->
