<?xml version="1.0" encoding="UTF-8"?>
<!-- Generated by org.testng.reporters.JUnitReportReporter -->
<testsuite hostname="Oke" failures="0" tests="1" name="testCases.TC_001_Signup_Test" time="6.332" errors="0" timestamp="2023-07-31T12:08:15 BST" skipped="0">
  <testcase classname="testCases.TC_001_Signup_Test" name="signupTest" time="6.332"/>
  <system-out/>
</testsuite> <!-- testCases.TC_001_Signup_Test -->
