<?xml version="1.0" encoding="UTF-8"?>
<!-- Generated by org.testng.reporters.JUnitReportReporter -->
<testsuite hostname="Oke" failures="0" tests="1" name="testCases.TC_005_LoginFunctionalityWithoutCredentials" time="6.049" errors="0" timestamp="2023-08-08T10:43:56 BST" skipped="0">
  <testcase classname="testCases.TC_005_LoginFunctionalityWithoutCredentials" name="LoginTestWithValidCredentials" time="6.049"/>
  <system-out/>
</testsuite> <!-- testCases.TC_005_LoginFunctionalityWithoutCredentials -->
