<?xml version="1.0" encoding="UTF-8"?>
<!-- Generated by org.testng.reporters.JUnitReportReporter -->
<testsuite hostname="Oke" failures="0" tests="1" name="testCases.TC_010_GoogleSignupLinkIsEnabled" time="5.956" errors="0" timestamp="2023-08-08T10:43:56 BST" skipped="0">
  <testcase classname="testCases.TC_010_GoogleSignupLinkIsEnabled" name="VerifyGoogleSignUpBtnIsEnabled" time="5.956"/>
  <system-out/>
</testsuite> <!-- testCases.TC_010_GoogleSignupLinkIsEnabled -->
