<?xml version="1.0" encoding="UTF-8"?>
<!-- Generated by org.testng.reporters.JUnitReportReporter -->
<testsuite hostname="Oke" failures="0" tests="1" name="testCases.TC_013_LoginWithFacebook" time="6.168" errors="0" timestamp="2023-08-08T10:43:56 BST" skipped="0">
  <testcase classname="testCases.TC_013_LoginWithFacebook" name="VerifyLoginWithFacebook" time="6.168"/>
  <system-out/>
</testsuite> <!-- testCases.TC_013_LoginWithFacebook -->
