<?xml version="1.0" encoding="UTF-8"?>
<!-- Generated by org.testng.reporters.JUnitReportReporter -->
<testsuite hostname="Oke" failures="0" tests="1" name="testCases.TC_018_VerifyPasswordText" time="6.025" errors="0" timestamp="2023-08-08T11:33:41 BST" skipped="0">
  <testcase classname="testCases.TC_018_VerifyPasswordText" name="VerifyPasswordText" time="6.025"/>
  <system-out/>
</testsuite> <!-- testCases.TC_018_VerifyPasswordText -->
