<?xml version="1.0" encoding="UTF-8"?>
<!-- Generated by org.testng.reporters.JUnitReportReporter -->
<testsuite hostname="Oke" failures="0" tests="1" name="testCases.TC_015_VerifyWelcomeBackText" time="6.092" errors="0" timestamp="2023-08-08T11:16:03 BST" skipped="0">
  <testcase classname="testCases.TC_015_VerifyWelcomeBackText" name="VerifyWelcomeBackText" time="6.092"/>
  <system-out/>
</testsuite> <!-- testCases.TC_015_VerifyWelcomeBackText -->
