<?xml version="1.0" encoding="UTF-8"?>
<!-- Generated by org.testng.reporters.JUnitReportReporter -->
<testsuite hostname="Oke" failures="0" tests="1" name="testCases.TC_017_VerifyPricepallyLogoIsDisplayed" time="5.998" errors="0" timestamp="2023-08-08T11:33:41 BST" skipped="0">
  <testcase classname="testCases.TC_017_VerifyPricepallyLogoIsDisplayed" name="VerifyPricepallyLogoIsDisplayed" time="5.998"/>
  <system-out/>
</testsuite> <!-- testCases.TC_017_VerifyPricepallyLogoIsDisplayed -->
