<?xml version="1.0" encoding="UTF-8"?>
<!-- Generated by org.testng.reporters.JUnitReportReporter -->
<testsuite hostname="Oke" failures="0" tests="1" name="testCases.TC_014_LoginWithApple" time="6.060" errors="0" timestamp="2023-08-08T10:43:56 BST" skipped="0">
  <testcase classname="testCases.TC_014_LoginWithApple" name="VerifyLoginWithApple" time="6.060"/>
  <system-out/>
</testsuite> <!-- testCases.TC_014_LoginWithApple -->
