<?xml version="1.0" encoding="UTF-8"?>
<!-- Generated by org.testng.reporters.JUnitReportReporter -->
<testsuite hostname="Oke" failures="0" tests="1" name="testCases.TC_003_LoginFunctionalityWithInvalidEmailAndValidPassword" time="4.816" errors="0" timestamp="2023-08-08T10:43:56 BST" skipped="0">
  <testcase classname="testCases.TC_003_LoginFunctionalityWithInvalidEmailAndValidPassword" name="LoginTestWithValidCredentials" time="4.816"/>
  <system-out/>
</testsuite> <!-- testCases.TC_003_LoginFunctionalityWithInvalidEmailAndValidPassword -->
